<?xml version="1.0" encoding="UTF-8" ?>
<testsuite tests="10" failures="0" name="com.cucumber.mavenCucumberProtopyte.TestRoomRunnerTest" time="0.138" errors="4" skipped="4">
  <properties>
[...]
</properties>
  <testcase classname="Scenario: Selecting item in a dropdown list" name="Given Site should be opened" time="0.006"/>
  <testcase classname="Scenario: Selecting item in a dropdown list" name="When Navigate to &quot;Adoption&quot; page" time="0.031">
    <error type="java.lang.NullPointerException">java.lang.NullPointerException
	at com.cucumber.mavenCucumberProtopyte.TestroomSteps.Navigate_to_page(TestroomSteps.java:29)
	at ✽.When Navigate to &quot;Adoption&quot; page(buttons.feature:5)
</error>
  </testcase>
  <testcase classname="Scenario: Selecting item in a dropdown list" name="Scenario: Selecting item in a dropdown list" time="0.033">
    <error type="java.lang.NullPointerException">java.lang.NullPointerException
	at com.cucumber.mavenCucumberProtopyte.TestroomSteps.Navigate_to_page(TestroomSteps.java:29)
	at ✽.When Navigate to &quot;Adoption&quot; page(buttons.feature:5)
</error>
  </testcase>
  <testcase classname="Scenario: Selecting item in a dropdown list" name="Then Select &quot;First day of the next week&quot; from dropdown" time="0.033">
    <skipped/>
  </testcase>
  <testcase classname="Scenario: Selecting item in a dropdown list" name="And Close browser" time="0.033">
    <skipped/>
  </testcase>
  <testcase classname="Scenario: Selecting information on a Contact page" name="Given Site should be opened" time="0.002"/>
  <testcase classname="Scenario: Selecting information on a Contact page" name="When Navigate to &quot;Contact&quot; page" time="0">
    <error type="java.lang.NullPointerException">java.lang.NullPointerException
	at com.cucumber.mavenCucumberProtopyte.TestroomSteps.Navigate_to_page(TestroomSteps.java:29)
	at ✽.When Navigate to &quot;Contact&quot; page(buttons.feature:11)
</error>
  </testcase>
  <testcase classname="Scenario: Selecting information on a Contact page" name="Scenario: Selecting information on a Contact page" time="0">
    <error type="java.lang.NullPointerException">java.lang.NullPointerException
	at com.cucumber.mavenCucumberProtopyte.TestroomSteps.Navigate_to_page(TestroomSteps.java:29)
	at ✽.When Navigate to &quot;Contact&quot; page(buttons.feature:11)
</error>
  </testcase>
  <testcase classname="Scenario: Selecting information on a Contact page" name="Then Enter valid data into contact form selected fields" time="0">
    <skipped/>
  </testcase>
  <testcase classname="Scenario: Selecting information on a Contact page" name="And Close browser" time="0">
    <skipped/>
  </testcase>
</testsuite>