<?xml version="1.0" encoding="UTF-8" ?>
<testsuite tests="10" failures="0" name="com.cucumber.mavenCucumberProtopyte.TestRoomRunnerTest" time="0.138" errors="4" skipped="4">
  <properties>
    <property name="java.runtime.name" value="Java(TM) SE Runtime Environment"/>
    <property name="sun.boot.library.path" value="C:\Program Files\Java\jre1.8.0_45\bin"/>
    <property name="java.vm.version" value="25.45-b02"/>
    <property name="java.vm.vendor" value="Oracle Corporation"/>
    <property name="java.vendor.url" value="http://java.oracle.com/"/>
    <property name="path.separator" value=";"/>
    <property name="guice.disable.misplaced.annotation.check" value="true"/>
    <property name="java.vm.name" value="Java HotSpot(TM) 64-Bit Server VM"/>
    <property name="file.encoding.pkg" value="sun.io"/>
    <property name="user.script" value=""/>
    <property name="user.country" value="US"/>
    <property name="sun.java.launcher" value="SUN_STANDARD"/>
    <property name="sun.os.patch.level" value="Service Pack 1"/>
    <property name="java.vm.specification.name" value="Java Virtual Machine Specification"/>
    <property name="user.dir" value="C:\Users\mperla\workspace\mavenCucumberProtopyte"/>
    <property name="java.runtime.version" value="1.8.0_45-b15"/>
    <property name="java.awt.graphicsenv" value="sun.awt.Win32GraphicsEnvironment"/>
    <property name="java.endorsed.dirs" value="C:\Program Files\Java\jre1.8.0_45\lib\endorsed"/>
    <property name="os.arch" value="amd64"/>
    <property name="java.io.tmpdir" value="C:\Users\mperla\AppData\Local\Temp\"/>
    <property name="line.separator" value="
"/>
    <property name="java.vm.specification.vendor" value="Oracle Corporation"/>
    <property name="user.variant" value=""/>
    <property name="os.name" value="Windows 7"/>
    <property name="classworlds.conf" value="C:\Users\mperla\workspace\.metadata\.plugins\org.eclipse.m2e.launching\launches\m2conf8174462876370934742.tmp"/>
    <property name="sun.jnu.encoding" value="Cp1252"/>
    <property name="java.library.path" value="C:\Program Files\Java\jre1.8.0_45\bin;C:\windows\Sun\Java\bin;C:\windows\system32;C:\windows;C:/Program Files/Java/jre1.8.0_45/bin/server;C:/Program Files/Java/jre1.8.0_45/bin;C:/Program Files/Java/jre1.8.0_45/lib/amd64;C:\ProgramData\Oracle\Java\javapath;C:\Program Files\Common Files\Microsoft Shared\Windows Live;C:\Program Files (x86)\Common Files\Microsoft Shared\Windows Live;C:\windows\system32;C:\windows;C:\windows\System32\Wbem;C:\windows\System32\WindowsPowerShell\v1.0\;C:\Program Files\Intel\WiFi\bin\;C:\Program Files\Common Files\Intel\WirelessCommon\;C:\Program Files (x86)\Windows Live\Shared;C:\Program Files\WIDCOMM\Bluetooth Software\;C:\Program Files\WIDCOMM\Bluetooth Software\syswow64;C:\Program Files\Intel\WiFi\bin\;C:\Program Files\Common Files\Intel\WirelessCommon\;C:\Users\mperla\Downloads\eclipse-java-luna-SR2-win32-x86_64\eclipse;;."/>
    <property name="java.specification.name" value="Java Platform API Specification"/>
    <property name="java.class.version" value="52.0"/>
    <property name="sun.management.compiler" value="HotSpot 64-Bit Tiered Compilers"/>
    <property name="os.version" value="6.1"/>
    <property name="user.home" value="C:\Users\mperla"/>
    <property name="user.timezone" value="America/Chicago"/>
    <property name="java.awt.printerjob" value="sun.awt.windows.WPrinterJob"/>
    <property name="java.specification.version" value="1.8"/>
    <property name="file.encoding" value="Cp1252"/>
    <property name="user.name" value="mperla"/>
    <property name="java.class.path" value="/C:/Users/mperla/Downloads/eclipse-java-luna-SR2-win32-x86_64/eclipse/plugins/org.eclipse.m2e.maven.runtime_1.5.1.20150109-1819/jars/plexus-classworlds-2.5.1.jar"/>
    <property name="org.slf4j.simpleLogger.defaultLogLevel" value="info"/>
    <property name="java.vm.specification.version" value="1.8"/>
    <property name="sun.arch.data.model" value="64"/>
    <property name="java.home" value="C:\Program Files\Java\jre1.8.0_45"/>
    <property name="sun.java.command" value="org.codehaus.plexus.classworlds.launcher.Launcher -B test"/>
    <property name="java.specification.vendor" value="Oracle Corporation"/>
    <property name="user.language" value="en"/>
    <property name="awt.toolkit" value="sun.awt.windows.WToolkit"/>
    <property name="java.vm.info" value="mixed mode"/>
    <property name="java.version" value="1.8.0_45"/>
    <property name="java.ext.dirs" value="C:\Program Files\Java\jre1.8.0_45\lib\ext;C:\windows\Sun\Java\lib\ext"/>
    <property name="sun.boot.class.path" value="C:\Program Files\Java\jre1.8.0_45\lib\resources.jar;C:\Program Files\Java\jre1.8.0_45\lib\rt.jar;C:\Program Files\Java\jre1.8.0_45\lib\sunrsasign.jar;C:\Program Files\Java\jre1.8.0_45\lib\jsse.jar;C:\Program Files\Java\jre1.8.0_45\lib\jce.jar;C:\Program Files\Java\jre1.8.0_45\lib\charsets.jar;C:\Program Files\Java\jre1.8.0_45\lib\jfr.jar;C:\Program Files\Java\jre1.8.0_45\classes"/>
    <property name="java.vendor" value="Oracle Corporation"/>
    <property name="maven.home" value="C:\Users\mperla\workspace\mavenCucumberProtopyte\EMBEDDED"/>
    <property name="file.separator" value="\"/>
    <property name="java.vendor.url.bug" value="http://bugreport.sun.com/bugreport/"/>
    <property name="sun.cpu.endian" value="little"/>
    <property name="sun.io.unicode.encoding" value="UnicodeLittle"/>
    <property name="sun.desktop" value="windows"/>
    <property name="sun.cpu.isalist" value="amd64"/>
  </properties>
  <testcase classname="Scenario: Selecting item in a dropdown list" name="Given Site should be opened" time="0.006"/>
  <testcase classname="Scenario: Selecting item in a dropdown list" name="When Navigate to &quot;Adoption&quot; page" time="0.031">
    <error type="java.lang.NullPointerException">java.lang.NullPointerException
	at com.cucumber.mavenCucumberProtopyte.TestroomSteps.Navigate_to_page(TestroomSteps.java:29)
	at ✽.When Navigate to &quot;Adoption&quot; page(buttons.feature:5)
</error>
  </testcase>
  <testcase classname="Scenario: Selecting item in a dropdown list" name="Scenario: Selecting item in a dropdown list" time="0.033">
    <error type="java.lang.NullPointerException">java.lang.NullPointerException
	at com.cucumber.mavenCucumberProtopyte.TestroomSteps.Navigate_to_page(TestroomSteps.java:29)
	at ✽.When Navigate to &quot;Adoption&quot; page(buttons.feature:5)
</error>
  </testcase>
  <testcase classname="Scenario: Selecting item in a dropdown list" name="Then Select &quot;First day of the next week&quot; from dropdown" time="0.033">
    <skipped/>
  </testcase>
  <testcase classname="Scenario: Selecting item in a dropdown list" name="And Close browser" time="0.033">
    <skipped/>
  </testcase>
  <testcase classname="Scenario: Selecting information on a Contact page" name="Given Site should be opened" time="0.002"/>
  <testcase classname="Scenario: Selecting information on a Contact page" name="When Navigate to &quot;Contact&quot; page" time="0">
    <error type="java.lang.NullPointerException">java.lang.NullPointerException
	at com.cucumber.mavenCucumberProtopyte.TestroomSteps.Navigate_to_page(TestroomSteps.java:29)
	at ✽.When Navigate to &quot;Contact&quot; page(buttons.feature:11)
</error>
  </testcase>
  <testcase classname="Scenario: Selecting information on a Contact page" name="Scenario: Selecting information on a Contact page" time="0">
    <error type="java.lang.NullPointerException">java.lang.NullPointerException
	at com.cucumber.mavenCucumberProtopyte.TestroomSteps.Navigate_to_page(TestroomSteps.java:29)
	at ✽.When Navigate to &quot;Contact&quot; page(buttons.feature:11)
</error>
  </testcase>
  <testcase classname="Scenario: Selecting information on a Contact page" name="Then Enter valid data into contact form selected fields" time="0">
    <skipped/>
  </testcase>
  <testcase classname="Scenario: Selecting information on a Contact page" name="And Close browser" time="0">
    <skipped/>
  </testcase>
</testsuite>